2025-04-27 14:55:34,648 - INFO - ======== 开始PikPak账号一键活跃流程 ========
2025-04-27 14:55:35,398 - INFO - 数据库连接成功
2025-04-27 14:55:35,550 - INFO - is_invalid列已存在
2025-04-27 14:55:35,839 - INFO - last_activated列已存在
2025-04-27 14:55:35,912 - INFO - 正在从网站获取活跃密钥...
2025-04-27 14:57:52,275 - INFO - 成功获取密钥: A802e5df3c
2025-04-27 14:57:52,566 - INFO - 获取到 1 个已注册账号
2025-04-27 14:57:52,567 - INFO - 开始激活 1 个账号...
2025-04-27 14:57:52,567 - INFO - 开始激活账号 ID 13...
2025-04-27 14:57:57,541 - INFO - 账号 ID 13 激活成功: 脚本注入成功，请保存新的账号信息备用。
2025-04-27 14:57:57,690 - INFO - 已保存账号 ID 13 的激活结果
2025-04-27 14:57:57,909 - INFO - 已更新账号 ID 13 的最后激活时间
2025-04-27 14:57:59,987 - INFO - ============== 激活流程统计 ==============
2025-04-27 14:57:59,987 - INFO - 总共处理: 1 个账号
2025-04-27 14:57:59,987 - INFO - 成功激活: 1 个账号
2025-04-27 14:57:59,987 - INFO - 激活失败: 0 个账号
2025-04-27 14:57:59,987 - INFO - 标记失效: 0 个账号
2025-04-27 14:57:59,987 - INFO - =========================================
2025-04-27 14:57:59,988 - INFO - ======== PikPak账号一键活跃流程结束 ========
2025-04-27 14:57:59,989 - INFO - 数据库连接已安全关闭
2025-04-27 16:17:32,056 - INFO - ======== 开始PikPak账号一键活跃流程 ========
2025-04-27 16:17:32,525 - INFO - 数据库连接成功
2025-04-27 16:17:32,673 - INFO - is_invalid列已存在
2025-04-27 16:17:32,887 - INFO - last_activated列已存在
2025-04-27 16:17:32,957 - INFO - 正在从网站获取活跃密钥...
2025-04-27 16:17:41,705 - INFO - 数据库连接已安全关闭
