2025-04-18 17:01:59,042 - PikPak-Auto - INFO - 自动注册器初始化完成，邀请码：85862904, 批量大小：1
2025-04-18 17:01:59,042 - PikPak-Auto - INFO - ============== 开始自动注册流程 ==============
2025-04-18 17:01:59,277 - PikPak-Auto - INFO - 从数据库中获取到 1 个未注册邮箱
2025-04-18 17:01:59,278 - PikPak-Auto - INFO - ============== 开始批量注册账号 ==============
2025-04-18 17:01:59,278 - PikPak-Auto - INFO - ======== 开始注册邮箱 (1/1): vyydlzqjv3193@outlook.com ========
2025-04-18 17:01:59,278 - PikPak-Auto - INFO - 1. 初始化注册流程
2025-04-18 17:02:03,378 - PikPak-Auto - INFO - 2. 发送邮箱验证码
2025-04-18 17:02:03,378 - PikPak-Auto - INFO - 验证码已发送到邮箱: vyydlzqjv3193@outlook.com
2025-04-18 17:02:03,378 - PikPak-Auto - INFO - 尝试获取验证码 (1/3)...
2025-04-18 17:02:29,207 - PikPak-Auto - INFO - 成功获取到验证码: 197448
2025-04-18 17:02:29,208 - PikPak-Auto - INFO - 3. 验证码获取成功，继续注册流程
2025-04-18 17:02:29,208 - PikPak-Auto - INFO - 4. 使用验证码完成注册
2025-04-18 17:02:29,485 - PikPak-Auto - ERROR - 完成注册失败: 验证码验证失败: 服务器未响应
2025-04-18 17:02:30,135 - PikPak-Auto - INFO - 邮箱 vyydlzqjv3193@outlook.com 完成注册失败
2025-04-18 17:02:30,136 - PikPak-Auto - INFO - ============== 注册流程统计 ==============
2025-04-18 17:02:30,136 - PikPak-Auto - INFO - 成功注册: 0 个账号
2025-04-18 17:02:30,136 - PikPak-Auto - INFO - 失败注册: 1 个账号
2025-04-18 17:02:30,136 - PikPak-Auto - INFO - 剩余未处理: 0 个邮箱
2025-04-18 17:02:30,136 - PikPak-Auto - INFO - ============== 注册流程完成 ==============
2025-04-18 17:03:04,983 - PikPak-Auto - INFO - 自动注册器初始化完成，邀请码：85862904, 批量大小：1
2025-04-18 17:03:04,983 - PikPak-Auto - INFO - ============== 开始自动注册流程 ==============
2025-04-18 17:03:05,220 - PikPak-Auto - INFO - 从数据库中获取到 1 个未注册邮箱
2025-04-18 17:03:05,220 - PikPak-Auto - INFO - ============== 开始批量注册账号 ==============
2025-04-18 17:03:05,221 - PikPak-Auto - INFO - ======== 开始注册邮箱 (1/1): vyydlzqjv3193@outlook.com ========
2025-04-18 17:03:05,221 - PikPak-Auto - INFO - 1. 初始化注册流程
2025-04-18 17:03:08,794 - PikPak-Auto - INFO - 2. 发送邮箱验证码
2025-04-18 17:03:08,795 - PikPak-Auto - INFO - 验证码已发送到邮箱: vyydlzqjv3193@outlook.com
2025-04-18 17:03:08,795 - PikPak-Auto - INFO - 尝试获取验证码 (1/3)...
2025-04-18 17:03:29,159 - PikPak-Auto - INFO - 成功获取到验证码: 441444
2025-04-18 17:03:29,159 - PikPak-Auto - INFO - 3. 验证码获取成功，继续注册流程
2025-04-18 17:03:29,159 - PikPak-Auto - INFO - 4. 使用验证码完成注册
2025-04-18 17:03:30,835 - PikPak-Auto - INFO - 5. 注册成功: 用户名=user_liPlUoNc, 密码=QMOaem8Ku7zV
2025-04-18 17:03:31,704 - PikPak-Auto - INFO - 已保存账号信息到 account/user_liPlUoNc.json
2025-04-18 17:03:31,705 - PikPak-Auto - INFO - 邮箱 vyydlzqjv3193@outlook.com 注册成功并已记录完整账号信息
2025-04-18 17:03:31,705 - PikPak-Auto - INFO - 账号信息包含: access_token, refresh_token, user_id, captcha_token等关键数据
2025-04-18 17:03:31,705 - PikPak-Auto - INFO - ============== 注册流程统计 ==============
2025-04-18 17:03:31,705 - PikPak-Auto - INFO - 成功注册: 1 个账号
2025-04-18 17:03:31,705 - PikPak-Auto - INFO - 失败注册: 0 个账号
2025-04-18 17:03:31,705 - PikPak-Auto - INFO - 剩余未处理: 0 个邮箱
2025-04-18 17:03:31,705 - PikPak-Auto - INFO - ============== 注册流程完成 ==============
2025-04-21 09:17:01,209 - PikPak-Auto - INFO - 自动注册器初始化完成，邀请码：85862904, 批量大小：1
2025-04-21 09:17:01,209 - PikPak-Auto - INFO - ============== 开始自动注册流程 ==============
2025-04-21 09:17:01,416 - PikPak-Auto - INFO - 从数据库中获取到 1 个未注册邮箱
2025-04-21 09:17:01,416 - PikPak-Auto - INFO - ============== 开始批量注册账号 ==============
2025-04-21 09:17:01,416 - PikPak-Auto - INFO - ======== 开始注册邮箱 (1/1): xuouhbre3405@outlook.com ========
2025-04-21 09:17:01,416 - PikPak-Auto - INFO - 1. 初始化注册流程
2025-04-21 09:17:06,936 - PikPak-Auto - INFO - 2. 发送邮箱验证码
2025-04-21 09:17:06,936 - PikPak-Auto - INFO - 验证码已发送到邮箱: xuouhbre3405@outlook.com
2025-04-21 09:17:06,936 - PikPak-Auto - INFO - 尝试获取验证码 (1/3)...
2025-04-21 09:17:27,493 - PikPak-Auto - WARNING - 第 1 次尝试未获取到验证码，将继续尝试...
2025-04-21 09:17:27,493 - PikPak-Auto - INFO - 尝试获取验证码 (2/3)...
2025-04-21 09:17:47,999 - PikPak-Auto - WARNING - 第 2 次尝试未获取到验证码，将继续尝试...
2025-04-21 09:17:48,000 - PikPak-Auto - INFO - 尝试获取验证码 (3/3)...
2025-04-21 09:18:05,293 - PikPak-Auto - WARNING - 第 3 次尝试未获取到验证码，将继续尝试...
2025-04-21 09:18:05,293 - PikPak-Auto - INFO - 距离最大尝试次数不远，额外等待 7 秒...
2025-04-21 09:18:12,294 - PikPak-Auto - WARNING - 无法获取验证码，尝试重新注册 (第 1/3 次)...
2025-04-21 09:18:12,294 - PikPak-Auto - INFO - 重新开始注册流程...
2025-04-21 09:18:16,471 - PikPak-Auto - INFO - 重新发送验证码成功，等待获取...
2025-04-21 09:18:16,471 - PikPak-Auto - INFO - 尝试获取验证码 (1/3)...
2025-04-21 09:18:36,865 - PikPak-Auto - WARNING - 第 1 次尝试未获取到验证码，将继续尝试...
2025-04-21 09:18:36,865 - PikPak-Auto - INFO - 尝试获取验证码 (2/3)...
2025-04-27 14:48:39,315 - PikPak-Auto - INFO - 自动注册器初始化完成，邀请码：85862904, 批量大小：1
2025-04-27 14:48:39,316 - PikPak-Auto - INFO - ============== 开始自动注册流程 ==============
2025-04-27 14:48:39,551 - PikPak-Auto - INFO - 从数据库中获取到 1 个未注册邮箱
2025-04-27 14:48:39,551 - PikPak-Auto - INFO - ============== 开始批量注册账号 ==============
2025-04-27 14:48:39,551 - PikPak-Auto - INFO - ======== 开始注册邮箱 (1/1): xuouhbre3405@outlook.com ========
2025-04-27 14:48:39,552 - PikPak-Auto - INFO - 1. 初始化注册流程
2025-04-27 14:48:55,995 - PikPak-Auto - INFO - 2. 发送邮箱验证码
2025-04-27 14:48:55,995 - PikPak-Auto - INFO - 验证码已发送到邮箱: xuouhbre3405@outlook.com
2025-04-27 14:48:55,995 - PikPak-Auto - INFO - 尝试获取验证码 (1/3)...
2025-04-27 14:49:15,903 - PikPak-Auto - WARNING - 第 1 次尝试未获取到验证码，将继续尝试...
2025-04-27 14:49:15,903 - PikPak-Auto - INFO - 尝试获取验证码 (2/3)...
2025-04-27 14:49:33,133 - PikPak-Auto - WARNING - 第 2 次尝试未获取到验证码，将继续尝试...
2025-04-27 14:49:33,133 - PikPak-Auto - INFO - 尝试获取验证码 (3/3)...
2025-04-27 14:49:50,302 - PikPak-Auto - WARNING - 第 3 次尝试未获取到验证码，将继续尝试...
2025-04-27 14:49:50,302 - PikPak-Auto - INFO - 距离最大尝试次数不远，额外等待 7 秒...
2025-04-27 14:49:57,307 - PikPak-Auto - WARNING - 无法获取验证码，尝试重新注册 (第 1/3 次)...
2025-04-27 14:49:57,307 - PikPak-Auto - INFO - 重新开始注册流程...
2025-04-27 14:51:17,156 - PikPak-Auto - INFO - 重新发送验证码成功，等待获取...
2025-04-27 14:51:17,156 - PikPak-Auto - INFO - 尝试获取验证码 (1/3)...
2025-04-27 14:51:37,213 - PikPak-Auto - WARNING - 第 1 次尝试未获取到验证码，将继续尝试...
2025-04-27 14:51:37,213 - PikPak-Auto - INFO - 尝试获取验证码 (2/3)...
2025-04-27 14:51:57,462 - PikPak-Auto - WARNING - 第 2 次尝试未获取到验证码，将继续尝试...
2025-04-27 14:51:57,462 - PikPak-Auto - INFO - 尝试获取验证码 (3/3)...
2025-04-27 14:52:17,749 - PikPak-Auto - WARNING - 第 3 次尝试未获取到验证码，将继续尝试...
2025-04-27 14:52:17,750 - PikPak-Auto - INFO - 距离最大尝试次数不远，额外等待 7 秒...
2025-04-27 14:52:24,754 - PikPak-Auto - WARNING - 无法获取验证码，尝试重新注册 (第 2/3 次)...
2025-04-27 14:52:24,755 - PikPak-Auto - INFO - 重新开始注册流程...
2025-04-27 14:52:37,535 - PikPak-Auto - INFO - 重新发送验证码成功，等待获取...
2025-04-27 14:52:37,535 - PikPak-Auto - INFO - 尝试获取验证码 (1/3)...
2025-04-27 14:52:57,721 - PikPak-Auto - WARNING - 第 1 次尝试未获取到验证码，将继续尝试...
2025-04-27 14:52:57,721 - PikPak-Auto - INFO - 尝试获取验证码 (2/3)...
2025-04-27 14:53:17,651 - PikPak-Auto - WARNING - 第 2 次尝试未获取到验证码，将继续尝试...
2025-04-27 14:53:17,651 - PikPak-Auto - INFO - 尝试获取验证码 (3/3)...
2025-04-27 14:53:38,046 - PikPak-Auto - WARNING - 第 3 次尝试未获取到验证码，将继续尝试...
2025-04-27 14:53:38,047 - PikPak-Auto - INFO - 距离最大尝试次数不远，额外等待 7 秒...
2025-04-27 14:53:45,052 - PikPak-Auto - ERROR - 经过 3 次重新注册尝试，仍无法获取邮箱 xuouhbre3405@outlook.com 的验证码，放弃该邮箱
2025-04-27 14:53:46,137 - PikPak-Auto - INFO - 邮箱 xuouhbre3405@outlook.com 注册失败，无法获取验证码，已放弃
2025-04-27 14:53:46,138 - PikPak-Auto - INFO - 尝试提取新邮箱进行注册...
2025-04-27 14:53:46,974 - PikPak-Auto - INFO - 已提取 1 个新邮箱，将在下一个循环中使用
2025-04-27 14:53:46,974 - PikPak-Auto - INFO - ============== 注册流程统计 ==============
2025-04-27 14:53:46,974 - PikPak-Auto - INFO - 成功注册: 0 个账号
2025-04-27 14:53:46,974 - PikPak-Auto - INFO - 失败注册: 1 个账号
2025-04-27 14:53:46,975 - PikPak-Auto - INFO - 剩余未处理: 0 个邮箱
2025-04-27 14:53:46,975 - PikPak-Auto - INFO - ============== 注册流程完成 ==============
2025-04-27 14:54:26,792 - PikPak-Auto - INFO - 自动注册器初始化完成，邀请码：85862904, 批量大小：1
2025-04-27 14:54:26,793 - PikPak-Auto - INFO - ============== 开始自动注册流程 ==============
2025-04-27 14:54:27,058 - PikPak-Auto - INFO - 从数据库中获取到 0 个未注册邮箱
2025-04-27 14:54:27,059 - PikPak-Auto - INFO - 未注册邮箱不足，尝试提取 1 个新邮箱
2025-04-27 14:54:27,476 - PikPak-Auto - INFO - 闪邮箱卡当前余额: 79
2025-04-27 14:54:28,344 - PikPak-Auto - INFO - 新提取了 1 个邮箱
2025-04-27 14:54:28,573 - PikPak-Auto - INFO - 现在有 1 个未注册邮箱可用
2025-04-27 14:54:28,573 - PikPak-Auto - INFO - ============== 开始批量注册账号 ==============
2025-04-27 14:54:28,573 - PikPak-Auto - INFO - ======== 开始注册邮箱 (1/1): hpwwjabjn244@outlook.com ========
2025-04-27 14:54:28,574 - PikPak-Auto - INFO - 1. 初始化注册流程
2025-04-27 14:54:42,165 - PikPak-Auto - INFO - 2. 发送邮箱验证码
2025-04-27 14:54:42,165 - PikPak-Auto - INFO - 验证码已发送到邮箱: hpwwjabjn244@outlook.com
2025-04-27 14:54:42,165 - PikPak-Auto - INFO - 尝试获取验证码 (1/3)...
2025-04-27 14:55:03,903 - PikPak-Auto - INFO - 成功获取到验证码: 566297
2025-04-27 14:55:03,904 - PikPak-Auto - INFO - 3. 验证码获取成功，继续注册流程
2025-04-27 14:55:03,904 - PikPak-Auto - INFO - 4. 使用验证码完成注册
2025-04-27 14:55:07,677 - PikPak-Auto - INFO - 5. 注册成功: 用户名=user_vCv8bPqW, 密码=63OGiPs5QZbA
2025-04-27 14:55:08,542 - PikPak-Auto - INFO - 已保存账号信息到 account/user_vCv8bPqW.json
2025-04-27 14:55:08,542 - PikPak-Auto - INFO - 邮箱 hpwwjabjn244@outlook.com 注册成功并已记录完整账号信息
2025-04-27 14:55:08,543 - PikPak-Auto - INFO - 账号信息包含: access_token, refresh_token, user_id, captcha_token等关键数据
2025-04-27 14:55:08,543 - PikPak-Auto - INFO - ============== 注册流程统计 ==============
2025-04-27 14:55:08,543 - PikPak-Auto - INFO - 成功注册: 1 个账号
2025-04-27 14:55:08,544 - PikPak-Auto - INFO - 失败注册: 0 个账号
2025-04-27 14:55:08,544 - PikPak-Auto - INFO - 剩余未处理: 0 个邮箱
2025-04-27 14:55:08,544 - PikPak-Auto - INFO - ============== 注册流程完成 ==============
